<?xml version="1.0" encoding="UTF-8"?>
<!-- Generated by org.testng.reporters.JUnitReportReporter -->
<testsuite hostname="DESKTOP-RR7VQ41" failures="0" tests="1" name="jenkins.test2" time="0.002" errors="0" timestamp="2022-12-10T23:56:15 GMT-08:00" skipped="0">
  <testcase classname="jenkins.test2" name="tc1" time="0.002"/>
  <system-out>
    <![CDATA[hello selenium]]>
  </system-out>
</testsuite> <!-- jenkins.test2 -->
